0 info it worked if it ends with ok
1 verbose cli [ '/usr/local/Cellar/node/5.9.0/bin/node',
1 verbose cli   '/usr/local/bin/npm',
1 verbose cli   'publish' ]
2 info using npm@3.8.3
3 info using node@v5.9.0
4 verbose publish [ '.' ]
5 silly cache add args [ '.', null ]
6 verbose cache add spec .
7 silly cache add parsed spec Result {
7 silly cache add   raw: '.',
7 silly cache add   scope: null,
7 silly cache add   name: null,
7 silly cache add   rawSpec: '.',
7 silly cache add   spec: '/Users/swebster/development/personal/our-groceries-client',
7 silly cache add   type: 'directory' }
8 verbose addLocalDirectory /Users/swebster/.npm/our-groceries-client/0.1.3-pre/package.tgz not in flight; packing
9 verbose correctMkdir /Users/swebster/.npm correctMkdir not in flight; initializing
10 info lifecycle our-groceries-client@0.1.3-pre~prepublish: our-groceries-client@0.1.3-pre
11 silly lifecycle our-groceries-client@0.1.3-pre~prepublish: no script for prepublish, continuing
12 verbose tar pack [ '/Users/swebster/.npm/our-groceries-client/0.1.3-pre/package.tgz',
12 verbose tar pack   '/Users/swebster/development/personal/our-groceries-client' ]
13 verbose tarball /Users/swebster/.npm/our-groceries-client/0.1.3-pre/package.tgz
14 verbose folder /Users/swebster/development/personal/our-groceries-client
15 verbose addLocalTarball adding from inside cache /Users/swebster/.npm/our-groceries-client/0.1.3-pre/package.tgz
16 verbose correctMkdir /Users/swebster/.npm correctMkdir not in flight; initializing
17 silly cache afterAdd our-groceries-client@0.1.3-pre
18 verbose afterAdd /Users/swebster/.npm/our-groceries-client/0.1.3-pre/package/package.json not in flight; writing
19 verbose correctMkdir /Users/swebster/.npm correctMkdir not in flight; initializing
20 verbose afterAdd /Users/swebster/.npm/our-groceries-client/0.1.3-pre/package/package.json written
21 silly publish { name: 'our-groceries-client',
21 silly publish   version: '0.1.3-pre',
21 silly publish   description: 'A client for Our Groceries',
21 silly publish   main: 'our-groceries-client.js',
21 silly publish   dependencies: { request: '^2.69.0' },
21 silly publish   devDependencies:
21 silly publish    { 'babel-preset-es2015': '^6.6.0',
21 silly publish      gulp: '^3.9.1',
21 silly publish      'gulp-babel': '^6.1.2',
21 silly publish      'gulp-sourcemaps': '^1.6.0' },
21 silly publish   scripts: { test: 'echo "Error: no test specified" && exit 1' },
21 silly publish   author: { name: 'Seth Webster' },
21 silly publish   license: 'MIT',
21 silly publish   directories: { test: 'test' },
21 silly publish   repository:
21 silly publish    { type: 'git',
21 silly publish      url: 'git+https://github.com/sethwebster/our-groceries-client.git' },
21 silly publish   keywords: [ 'ourgroceries', 'api' ],
21 silly publish   bugs: { url: 'https://github.com/sethwebster/our-groceries-client/issues' },
21 silly publish   homepage: 'https://github.com/sethwebster/our-groceries-client#readme',
21 silly publish   gitHead: '3e3e9dbe860a69a3ae20b56704f7751aa77dfd94',
21 silly publish   readme: 'ERROR: No README data found!',
21 silly publish   _id: 'our-groceries-client@0.1.3-pre',
21 silly publish   _shasum: '9e0952ce7ce40a10b63e4d3e86822dc87e7f9bed',
21 silly publish   _from: '.' }
22 verbose getPublishConfig undefined
23 silly mapToRegistry name our-groceries-client
24 silly mapToRegistry using default registry
25 silly mapToRegistry registry https://registry.npmjs.org/
26 silly mapToRegistry data Result {
26 silly mapToRegistry   raw: 'our-groceries-client',
26 silly mapToRegistry   scope: null,
26 silly mapToRegistry   name: 'our-groceries-client',
26 silly mapToRegistry   rawSpec: '',
26 silly mapToRegistry   spec: 'latest',
26 silly mapToRegistry   type: 'tag' }
27 silly mapToRegistry uri https://registry.npmjs.org/our-groceries-client
28 verbose publish registryBase https://registry.npmjs.org/
29 silly publish uploading /Users/swebster/.npm/our-groceries-client/0.1.3-pre/package.tgz
30 verbose request uri https://registry.npmjs.org/our-groceries-client
31 verbose request sending authorization for write operation
32 info attempt registry request try #1 at 7:36:38 AM
33 verbose request using bearer token for auth
34 verbose request id 93de86aeb52a91a1
35 http request PUT https://registry.npmjs.org/our-groceries-client
36 http 403 https://registry.npmjs.org/our-groceries-client
37 verbose headers { 'content-type': 'application/json',
37 verbose headers   'cache-control': 'max-age=300',
37 verbose headers   'content-length': '99',
37 verbose headers   'accept-ranges': 'bytes',
37 verbose headers   date: 'Wed, 30 Mar 2016 11:36:38 GMT',
37 verbose headers   via: '1.1 varnish',
37 verbose headers   connection: 'keep-alive',
37 verbose headers   'x-served-by': 'cache-iad2147-IAD',
37 verbose headers   'x-cache': 'MISS',
37 verbose headers   'x-cache-hits': '0',
37 verbose headers   'x-timer': 'S1459337798.077995,VS0,VE675' }
38 verbose request invalidating /Users/swebster/.npm/registry.npmjs.org/our-groceries-client on PUT
39 error publish Failed PUT 403
40 verbose stack Error: "You cannot publish over the previously published version 0.1.3-pre." : our-groceries-client
40 verbose stack     at makeError (/usr/local/lib/node_modules/npm/node_modules/npm-registry-client/lib/request.js:264:12)
40 verbose stack     at CachingRegistryClient.<anonymous> (/usr/local/lib/node_modules/npm/node_modules/npm-registry-client/lib/request.js:252:14)
40 verbose stack     at Request._callback (/usr/local/lib/node_modules/npm/node_modules/npm-registry-client/lib/request.js:172:14)
40 verbose stack     at Request.self.callback (/usr/local/lib/node_modules/npm/node_modules/request/request.js:199:22)
40 verbose stack     at emitTwo (events.js:100:13)
40 verbose stack     at Request.emit (events.js:185:7)
40 verbose stack     at Request.<anonymous> (/usr/local/lib/node_modules/npm/node_modules/request/request.js:1036:10)
40 verbose stack     at emitOne (events.js:95:20)
40 verbose stack     at Request.emit (events.js:182:7)
40 verbose stack     at IncomingMessage.<anonymous> (/usr/local/lib/node_modules/npm/node_modules/request/request.js:963:12)
41 verbose statusCode 403
42 verbose pkgid our-groceries-client
43 verbose cwd /Users/swebster/development/personal/our-groceries-client
44 error Darwin 15.3.0
45 error argv "/usr/local/Cellar/node/5.9.0/bin/node" "/usr/local/bin/npm" "publish"
46 error node v5.9.0
47 error npm  v3.8.3
48 error code E403
49 error "You cannot publish over the previously published version 0.1.3-pre." : our-groceries-client
50 error If you need help, you may report this error at:
50 error     <https://github.com/npm/npm/issues>
51 verbose exit [ 1, true ]
